\BOOKMARK [1][-]{section*.3}{Agradecimientos}{}% 1
\BOOKMARK [1][-]{section*.4}{Resumen}{}% 2
\BOOKMARK [1][-]{section*.5}{Zusammenfassung}{}% 3
\BOOKMARK [1][-]{section*.6}{\315ndice}{}% 4
\BOOKMARK [1][-]{section*.8}{\315ndice de figuras}{}% 5
\BOOKMARK [1][-]{section*.10}{\315ndice de tablas}{}% 6
\BOOKMARK [1][-]{section.1}{Cap\355tulo 1. Introducci\363n}{}% 7
\BOOKMARK [2][-]{subsection.1.1}{Justificaci\363n y planteamiento del problema}{section.1}% 8
\BOOKMARK [2][-]{subsection.1.2}{Antecedentes}{section.1}% 9
\BOOKMARK [2][-]{subsection.1.3}{Objetivos}{section.1}% 10
\BOOKMARK [3][-]{subsubsection.1.3.1}{Objetivo general}{subsection.1.3}% 11
\BOOKMARK [3][-]{subsubsection.1.3.2}{Objetivos espec\355ficos}{subsection.1.3}% 12
\BOOKMARK [1][-]{section.2}{Cap\355tulo 2. Metodolog\355a}{}% 13
\BOOKMARK [1][-]{section.3}{Cap\355tulo 3. Resultados y an\341lisis}{}% 14
\BOOKMARK [1][-]{section.4}{Cap\355tulo 4. Conclusi\363n}{}% 15
\BOOKMARK [1][-]{section*.11}{Ap\351ndices}{}% 16
\BOOKMARK [2][-]{section*.12}{A. Nombre de ap\351ndice A}{section*.11}% 17
\BOOKMARK [2][-]{section*.13}{B. Nombre de ap\351ndice B}{section*.11}% 18
\BOOKMARK [2][-]{section*.14}{C. Nombre de ap\351ndice B}{section*.11}% 19
\BOOKMARK [1][-]{section*.14}{Referencias bibliogr\341ficas}{}% 20
